0 info it worked if it ends with ok
1 verbose cli [ 'C:\\Program Files\\nodejs\\node.exe',
1 verbose cli   'C:\\Program Files\\nodejs\\node_modules\\npm\\bin\\npm-cli.js',
1 verbose cli   'install',
1 verbose cli   'bignum',
1 verbose cli   '--msvs_version=2013' ]
2 info using npm@3.10.10
3 info using node@v6.11.1
4 silly loadCurrentTree Starting
5 silly install loadCurrentTree
6 silly install readLocalPackageData
7 silly fetchPackageMetaData bignum@*
8 silly fetchNamedPackageData bignum
9 silly mapToRegistry name bignum
10 silly mapToRegistry using default registry
11 silly mapToRegistry registry https://registry.npmjs.org/
12 silly mapToRegistry data Result {
12 silly mapToRegistry   raw: 'bignum',
12 silly mapToRegistry   scope: null,
12 silly mapToRegistry   escapedName: 'bignum',
12 silly mapToRegistry   name: 'bignum',
12 silly mapToRegistry   rawSpec: '',
12 silly mapToRegistry   spec: 'latest',
12 silly mapToRegistry   type: 'tag' }
13 silly mapToRegistry uri https://registry.npmjs.org/bignum
14 verbose request uri https://registry.npmjs.org/bignum
15 verbose request no auth needed
16 info attempt registry request try #1 at 18:51:55
17 verbose request id eb9c2e20e0c0fa65
18 verbose etag W/"583a40a6-a98e"
19 verbose lastModified Sun, 27 Nov 2016 02:10:46 GMT
20 http request GET https://registry.npmjs.org/bignum
21 http 304 https://registry.npmjs.org/bignum
22 verbose headers { date: 'Fri, 15 Sep 2017 15:51:34 GMT',
22 verbose headers   via: '1.1 varnish',
22 verbose headers   'cache-control': 'max-age=300',
22 verbose headers   etag: 'W/"583a40a6-a98e"',
22 verbose headers   age: '0',
22 verbose headers   connection: 'keep-alive',
22 verbose headers   'x-served-by': 'cache-ams4428-AMS',
22 verbose headers   'x-cache': 'HIT',
22 verbose headers   'x-cache-hits': '1',
22 verbose headers   'x-timer': 'S1505490695.718879,VS0,VE189',
22 verbose headers   vary: 'Accept-Encoding, Accept' }
23 silly get cb [ 304,
23 silly get   { date: 'Fri, 15 Sep 2017 15:51:34 GMT',
23 silly get     via: '1.1 varnish',
23 silly get     'cache-control': 'max-age=300',
23 silly get     etag: 'W/"583a40a6-a98e"',
23 silly get     age: '0',
23 silly get     connection: 'keep-alive',
23 silly get     'x-served-by': 'cache-ams4428-AMS',
23 silly get     'x-cache': 'HIT',
23 silly get     'x-cache-hits': '1',
23 silly get     'x-timer': 'S1505490695.718879,VS0,VE189',
23 silly get     vary: 'Accept-Encoding, Accept' } ]
24 verbose etag https://registry.npmjs.org/bignum from cache
25 verbose get saving bignum to C:\Users\sofia\AppData\Roaming\npm-cache\registry.npmjs.org\bignum\.cache.json
26 verbose correctMkdir C:\Users\sofia\AppData\Roaming\npm-cache correctMkdir not in flight; initializing
27 silly install normalizeTree
28 silly loadCurrentTree Finishing
29 silly loadIdealTree Starting
30 silly install loadIdealTree
31 silly cloneCurrentTree Starting
32 silly install cloneCurrentTreeToIdealTree
33 silly cloneCurrentTree Finishing
34 silly loadShrinkwrap Starting
35 silly install loadShrinkwrap
36 silly loadShrinkwrap Finishing
37 silly loadAllDepsIntoIdealTree Starting
38 silly install loadAllDepsIntoIdealTree
39 silly resolveWithNewModule bignum@0.12.5 checking installable status
40 silly cache add args [ 'bignum@*', null ]
41 verbose cache add spec bignum@*
42 silly cache add parsed spec Result {
42 silly cache add   raw: 'bignum@*',
42 silly cache add   scope: null,
42 silly cache add   escapedName: 'bignum',
42 silly cache add   name: 'bignum',
42 silly cache add   rawSpec: '*',
42 silly cache add   spec: '*',
42 silly cache add   type: 'range' }
43 silly addNamed bignum@*
44 verbose addNamed "*" is a valid semver range for bignum
45 silly addNameRange { name: 'bignum', range: '*', hasData: false }
46 silly mapToRegistry name bignum
47 silly mapToRegistry using default registry
48 silly mapToRegistry registry https://registry.npmjs.org/
49 silly mapToRegistry data Result {
49 silly mapToRegistry   raw: 'bignum',
49 silly mapToRegistry   scope: null,
49 silly mapToRegistry   escapedName: 'bignum',
49 silly mapToRegistry   name: 'bignum',
49 silly mapToRegistry   rawSpec: '',
49 silly mapToRegistry   spec: 'latest',
49 silly mapToRegistry   type: 'tag' }
50 silly mapToRegistry uri https://registry.npmjs.org/bignum
51 verbose addNameRange registry:https://registry.npmjs.org/bignum not in flight; fetching
52 verbose get https://registry.npmjs.org/bignum not expired, no request
53 silly addNameRange number 2 { name: 'bignum', range: '*', hasData: true }
54 silly addNameRange versions [ 'bignum',
54 silly addNameRange   [ '0.4.0',
54 silly addNameRange     '0.4.1',
54 silly addNameRange     '0.5.0',
54 silly addNameRange     '0.5.1',
54 silly addNameRange     '0.5.2',
54 silly addNameRange     '0.5.3',
54 silly addNameRange     '0.5.4',
54 silly addNameRange     '0.6.0',
54 silly addNameRange     '0.6.1',
54 silly addNameRange     '0.6.2',
54 silly addNameRange     '0.7.0',
54 silly addNameRange     '0.8.0',
54 silly addNameRange     '0.9.0',
54 silly addNameRange     '0.9.1',
54 silly addNameRange     '0.9.2',
54 silly addNameRange     '0.9.3',
54 silly addNameRange     '0.10.0',
54 silly addNameRange     '0.10.1',
54 silly addNameRange     '0.10.2',
54 silly addNameRange     '0.11.0',
54 silly addNameRange     '0.12.0',
54 silly addNameRange     '0.12.1',
54 silly addNameRange     '0.12.2',
54 silly addNameRange     '0.12.3',
54 silly addNameRange     '0.12.4',
54 silly addNameRange     '0.12.5' ] ]
55 silly addNamed bignum@0.12.5
56 verbose addNamed "0.12.5" is a plain semver version for bignum
57 silly cache afterAdd bignum@0.12.5
58 verbose afterAdd C:\Users\sofia\AppData\Roaming\npm-cache\bignum\0.12.5\package\package.json not in flight; writing
59 verbose correctMkdir C:\Users\sofia\AppData\Roaming\npm-cache correctMkdir not in flight; initializing
60 verbose afterAdd C:\Users\sofia\AppData\Roaming\npm-cache\bignum\0.12.5\package\package.json written
61 silly loadAllDepsIntoIdealTree Finishing
62 silly loadIdealTree Finishing
63 silly currentTree stratum-pool@0.1.6
63 silly currentTree +-- abbrev@1.1.0
63 silly currentTree +-- ajv@4.11.8
63 silly currentTree +-- ansi-regex@2.1.1
63 silly currentTree +-- ansi-styles@2.2.1
63 silly currentTree +-- aproba@1.1.2
63 silly currentTree +-- are-we-there-yet@1.1.4
63 silly currentTree | +-- isarray@1.0.0
63 silly currentTree | +-- readable-stream@2.3.3
63 silly currentTree | `-- string_decoder@1.0.3
63 silly currentTree +-- array-find-index@1.0.2
63 silly currentTree +-- asap@2.0.6
63 silly currentTree +-- asn1@0.2.3
63 silly currentTree +-- assert-plus@0.2.0
63 silly currentTree +-- async@2.5.0
63 silly currentTree +-- asynckit@0.4.0
63 silly currentTree +-- aws-sign2@0.6.0
63 silly currentTree +-- aws4@1.6.0
63 silly currentTree +-- babel-code-frame@6.26.0
63 silly currentTree +-- babel-core@6.26.0
63 silly currentTree +-- babel-generator@6.26.0
63 silly currentTree | `-- jsesc@1.3.0
63 silly currentTree +-- babel-helper-call-delegate@6.24.1
63 silly currentTree +-- babel-helper-define-map@6.26.0
63 silly currentTree +-- babel-helper-function-name@6.24.1
63 silly currentTree +-- babel-helper-get-function-arity@6.24.1
63 silly currentTree +-- babel-helper-hoist-variables@6.24.1
63 silly currentTree +-- babel-helper-optimise-call-expression@6.24.1
63 silly currentTree +-- babel-helper-regex@6.26.0
63 silly currentTree +-- babel-helper-replace-supers@6.24.1
63 silly currentTree +-- babel-helpers@6.24.1
63 silly currentTree +-- babel-messages@6.23.0
63 silly currentTree +-- babel-plugin-check-es2015-constants@6.22.0
63 silly currentTree +-- babel-plugin-transform-es2015-arrow-functions@6.22.0
63 silly currentTree +-- babel-plugin-transform-es2015-block-scoped-functions@6.22.0
63 silly currentTree +-- babel-plugin-transform-es2015-block-scoping@6.26.0
63 silly currentTree +-- babel-plugin-transform-es2015-classes@6.24.1
63 silly currentTree +-- babel-plugin-transform-es2015-computed-properties@6.24.1
63 silly currentTree +-- babel-plugin-transform-es2015-destructuring@6.23.0
63 silly currentTree +-- babel-plugin-transform-es2015-duplicate-keys@6.24.1
63 silly currentTree +-- babel-plugin-transform-es2015-for-of@6.23.0
63 silly currentTree +-- babel-plugin-transform-es2015-function-name@6.24.1
63 silly currentTree +-- babel-plugin-transform-es2015-literals@6.22.0
63 silly currentTree +-- babel-plugin-transform-es2015-modules-amd@6.24.1
63 silly currentTree +-- babel-plugin-transform-es2015-modules-commonjs@6.26.0
63 silly currentTree +-- babel-plugin-transform-es2015-modules-systemjs@6.24.1
63 silly currentTree +-- babel-plugin-transform-es2015-modules-umd@6.24.1
63 silly currentTree +-- babel-plugin-transform-es2015-object-super@6.24.1
63 silly currentTree +-- babel-plugin-transform-es2015-parameters@6.24.1
63 silly currentTree +-- babel-plugin-transform-es2015-shorthand-properties@6.24.1
63 silly currentTree +-- babel-plugin-transform-es2015-spread@6.22.0
63 silly currentTree +-- babel-plugin-transform-es2015-sticky-regex@6.24.1
63 silly currentTree +-- babel-plugin-transform-es2015-template-literals@6.22.0
63 silly currentTree +-- babel-plugin-transform-es2015-typeof-symbol@6.23.0
63 silly currentTree +-- babel-plugin-transform-es2015-unicode-regex@6.24.1
63 silly currentTree +-- babel-plugin-transform-regenerator@6.26.0
63 silly currentTree +-- babel-plugin-transform-strict-mode@6.24.1
63 silly currentTree +-- babel-preset-es2015@6.24.1
63 silly currentTree +-- babel-register@6.26.0
63 silly currentTree +-- babel-runtime@6.26.0
63 silly currentTree +-- babel-template@6.26.0
63 silly currentTree +-- babel-traverse@6.26.0
63 silly currentTree +-- babel-types@6.26.0
63 silly currentTree +-- babelify@7.3.0
63 silly currentTree +-- babylon@6.18.0
63 silly currentTree +-- balanced-match@1.0.0
63 silly currentTree +-- base-x@3.0.2
63 silly currentTree +-- base58-native@0.1.4
63 silly currentTree +-- bcrypt-pbkdf@1.0.1
63 silly currentTree +-- bigi@1.4.2
63 silly currentTree +-- bindings@1.3.0
63 silly currentTree +-- bip66@1.1.5
63 silly currentTree +-- bitcoin-ops@1.3.0
63 silly currentTree +-- bitcoinjs-lib-zcash@3.0.0
63 silly currentTree +-- bl@1.2.1
63 silly currentTree | +-- isarray@1.0.0
63 silly currentTree | +-- readable-stream@2.3.3
63 silly currentTree | `-- string_decoder@1.0.3
63 silly currentTree +-- block-stream@0.0.9
63 silly currentTree +-- bn.js@4.11.8
63 silly currentTree +-- boom@2.10.1
63 silly currentTree +-- brace-expansion@1.1.8
63 silly currentTree +-- brorand@1.1.0
63 silly currentTree +-- browserify-aes@1.0.8
63 silly currentTree | `-- buffer-xor@1.0.3
63 silly currentTree +-- bs58@4.0.1
63 silly currentTree +-- bs58check@2.0.2
63 silly currentTree +-- buffer-xor@2.0.2
63 silly currentTree +-- builtin-modules@1.1.1
63 silly currentTree +-- camelcase-keys@2.1.0
63 silly currentTree +-- camelcase@2.1.1
63 silly currentTree +-- caseless@0.12.0
63 silly currentTree +-- chalk@1.1.3
63 silly currentTree +-- chownr@1.0.1
63 silly currentTree +-- cipher-base@1.0.4
63 silly currentTree +-- cli-spinner@0.2.6
63 silly currentTree +-- co@4.6.0
63 silly currentTree +-- code-point-at@1.1.0
63 silly currentTree +-- combined-stream@1.0.5
63 silly currentTree +-- concat-map@0.0.1
63 silly currentTree +-- console-control-strings@1.1.0
63 silly currentTree +-- convert-source-map@1.5.0
63 silly currentTree +-- core-js@2.5.1
63 silly currentTree +-- core-util-is@1.0.2
63 silly currentTree +-- create-hash@1.1.3
63 silly currentTree +-- create-hmac@1.1.6
63 silly currentTree +-- cryptiles@2.0.5
63 silly currentTree +-- crypto-js@3.1.8
63 silly currentTree +-- currently-unhandled@0.4.1
63 silly currentTree +-- dashdash@1.14.1
63 silly currentTree | `-- assert-plus@1.0.0
63 silly currentTree +-- debug@2.6.8
63 silly currentTree +-- decamelize@1.2.0
63 silly currentTree +-- deep-equal@1.0.1
63 silly currentTree +-- deep-extend@0.4.2
63 silly currentTree +-- define-properties@1.1.2
63 silly currentTree | `-- object-keys@1.0.11
63 silly currentTree +-- defined@1.0.0
63 silly currentTree +-- delayed-stream@1.0.0
63 silly currentTree +-- delegates@1.0.0
63 silly currentTree +-- detect-indent@4.0.0
63 silly currentTree +-- drbg.js@1.0.1
63 silly currentTree +-- ecc-jsbn@0.1.1
63 silly currentTree +-- ecurve@1.0.5
63 silly currentTree +-- elliptic@6.4.0
63 silly currentTree +-- end-of-stream@1.4.0
63 silly currentTree +-- error-ex@1.3.1
63 silly currentTree +-- es-abstract@1.8.2
63 silly currentTree +-- es-to-primitive@1.1.1
63 silly currentTree +-- escape-string-regexp@1.0.5
63 silly currentTree +-- esutils@2.0.2
63 silly currentTree +-- ethashjs@0.0.7
63 silly currentTree +-- ethereum-address@0.0.4
63 silly currentTree +-- ethereumjs-util@5.1.2
63 silly currentTree +-- ethjs-util@0.1.4
63 silly currentTree +-- events@1.1.1
63 silly currentTree +-- evp_bytestokey@1.0.3
63 silly currentTree +-- expand-template@1.1.0
63 silly currentTree +-- extend@3.0.1
63 silly currentTree +-- extsprintf@1.3.0
63 silly currentTree +-- find-up@1.1.2
63 silly currentTree +-- for-each@0.3.2
63 silly currentTree +-- foreach@2.0.5
63 silly currentTree +-- forever-agent@0.6.1
63 silly currentTree +-- form-data@2.1.4
63 silly currentTree +-- fs-extra@3.0.1
63 silly currentTree +-- fs.realpath@1.0.0
63 silly currentTree +-- fstream-ignore@1.0.5
63 silly currentTree +-- fstream@1.0.11
63 silly currentTree +-- function-bind@1.1.1
63 silly currentTree +-- gauge@2.7.4
63 silly currentTree +-- get-stdin@4.0.1
63 silly currentTree +-- getpass@0.1.7
63 silly currentTree | `-- assert-plus@1.0.0
63 silly currentTree +-- github-from-package@0.0.0
63 silly currentTree +-- glob@7.1.2
63 silly currentTree +-- globals@9.18.0
63 silly currentTree +-- graceful-fs@4.1.11
63 silly currentTree +-- har-schema@1.0.5
63 silly currentTree +-- har-validator@4.2.1
63 silly currentTree +-- has-ansi@2.0.0
63 silly currentTree +-- has-unicode@2.0.1
63 silly currentTree +-- has@1.0.1
63 silly currentTree +-- hash-base@2.0.2
63 silly currentTree +-- hash.js@1.1.3
63 silly currentTree +-- hawk@3.1.3
63 silly currentTree +-- hmac-drbg@1.0.1
63 silly currentTree +-- hoek@2.16.3
63 silly currentTree +-- home-or-tmp@2.0.0
63 silly currentTree +-- hosted-git-info@2.5.0
63 silly currentTree +-- http-signature@1.1.1
63 silly currentTree +-- indent-string@2.1.0
63 silly currentTree +-- inflight@1.0.6
63 silly currentTree +-- inherits@2.0.3
63 silly currentTree +-- ini@1.3.4
63 silly currentTree +-- invariant@2.2.2
63 silly currentTree +-- is-arrayish@0.2.1
63 silly currentTree +-- is-builtin-module@1.0.0
63 silly currentTree +-- is-callable@1.1.3
63 silly currentTree +-- is-date-object@1.0.1
63 silly currentTree +-- is-finite@1.0.2
63 silly currentTree +-- is-fullwidth-code-point@1.0.0
63 silly currentTree +-- is-function@1.0.1
63 silly currentTree +-- is-hex-prefixed@1.0.0
63 silly currentTree +-- is-regex@1.0.4
63 silly currentTree +-- is-symbol@1.0.1
63 silly currentTree +-- is-typedarray@1.0.0
63 silly currentTree +-- is-utf8@0.2.1
63 silly currentTree +-- isarray@0.0.1
63 silly currentTree +-- isstream@0.1.2
63 silly currentTree +-- js-tokens@3.0.2
63 silly currentTree +-- jsbn@0.1.1
63 silly currentTree +-- jsesc@0.5.0
63 silly currentTree +-- json-schema@0.2.3
63 silly currentTree +-- json-stable-stringify@1.0.1
63 silly currentTree +-- json-stringify-safe@5.0.1
63 silly currentTree +-- json5@0.5.1
63 silly currentTree +-- jsonfile@3.0.1
63 silly currentTree +-- jsonify@0.0.0
63 silly currentTree +-- jsprim@1.4.1
63 silly currentTree | `-- assert-plus@1.0.0
63 silly currentTree +-- keccak@1.3.0
63 silly currentTree +-- load-json-file@1.1.0
63 silly currentTree +-- lodash@4.17.4
63 silly currentTree +-- loose-envify@1.3.1
63 silly currentTree +-- loud-rejection@1.6.0
63 silly currentTree +-- map-obj@1.0.1
63 silly currentTree +-- md5.js@1.3.4
63 silly currentTree | `-- hash-base@3.0.4
63 silly currentTree +-- meow@3.7.0
63 silly currentTree +-- merkle-bitcoin@1.0.0
63 silly currentTree | `-- async@1.5.2
63 silly currentTree +-- merkle-lib@1.0.0
63 silly currentTree +-- miller-rabin@4.0.0
63 silly currentTree +-- mime-db@1.30.0
63 silly currentTree +-- mime-types@2.1.17
63 silly currentTree +-- minimalistic-assert@1.0.0
63 silly currentTree +-- minimalistic-crypto-utils@1.0.1
63 silly currentTree +-- minimatch@3.0.4
63 silly currentTree +-- minimist@1.2.0
63 silly currentTree +-- mkdirp@0.5.1
63 silly currentTree | `-- minimist@0.0.8
63 silly currentTree +-- ms@2.0.0
63 silly currentTree +-- nan@2.7.0
63 silly currentTree +-- node-abi@2.1.1
63 silly currentTree +-- node-pre-gyp@0.6.37
63 silly currentTree +-- noop-logger@0.1.1
63 silly currentTree +-- nopt@4.0.1
63 silly currentTree +-- normalize-package-data@2.4.0
63 silly currentTree +-- npmlog@4.1.2
63 silly currentTree +-- nugget@2.0.1
63 silly currentTree +-- number-is-nan@1.0.1
63 silly currentTree +-- oauth-sign@0.8.2
63 silly currentTree +-- object-assign@4.1.1
63 silly currentTree +-- object-inspect@1.3.0
63 silly currentTree +-- object-keys@0.4.0
63 silly currentTree +-- once@1.4.0
63 silly currentTree +-- os-homedir@1.0.2
63 silly currentTree +-- os-tmpdir@1.0.2
63 silly currentTree +-- osenv@0.1.4
63 silly currentTree +-- parse-json@2.2.0
63 silly currentTree +-- path-exists@2.1.0
63 silly currentTree +-- path-is-absolute@1.0.1
63 silly currentTree +-- path-parse@1.0.5
63 silly currentTree +-- path-type@1.1.0
63 silly currentTree +-- performance-now@0.2.0
63 silly currentTree +-- pify@2.3.0
63 silly currentTree +-- pinkie-promise@2.0.1
63 silly currentTree +-- pinkie@2.0.4
63 silly currentTree +-- prebuild-install@2.2.2
63 silly currentTree | `-- xtend@4.0.1
63 silly currentTree +-- pretty-bytes@1.0.4
63 silly currentTree +-- private@0.1.7
63 silly currentTree +-- process-nextick-args@1.0.7
63 silly currentTree +-- progress-stream@1.2.0
63 silly currentTree +-- promise@8.0.1
63 silly currentTree +-- pump@1.0.2
63 silly currentTree +-- punycode@1.4.1
63 silly currentTree +-- pushdata-bitcoin@1.0.1
63 silly currentTree +-- qs@6.4.0
63 silly currentTree +-- randombytes@2.0.5
63 silly currentTree +-- rc@1.2.1
63 silly currentTree +-- read-pkg-up@1.0.1
63 silly currentTree +-- read-pkg@1.1.0
63 silly currentTree +-- readable-stream@1.1.14
63 silly currentTree +-- redent@1.0.0
63 silly currentTree +-- regenerate@1.3.2
63 silly currentTree +-- regenerator-runtime@0.11.0
63 silly currentTree +-- regenerator-transform@0.10.1
63 silly currentTree +-- regexpu-core@2.0.0
63 silly currentTree +-- regjsgen@0.2.0
63 silly currentTree +-- regjsparser@0.1.5
63 silly currentTree +-- repeating@2.0.1
63 silly currentTree +-- request@2.81.0
63 silly currentTree +-- resolve@1.4.0
63 silly currentTree +-- resumer@0.0.0
63 silly currentTree +-- rimraf@2.6.2
63 silly currentTree +-- ripemd160@2.0.1
63 silly currentTree +-- rlp@2.0.0
63 silly currentTree +-- safe-buffer@5.1.1
63 silly currentTree +-- secp256k1@3.3.0
63 silly currentTree +-- semver@5.4.1
63 silly currentTree +-- set-blocking@2.0.0
63 silly currentTree +-- sha.js@2.4.8
63 silly currentTree +-- signal-exit@3.0.2
63 silly currentTree +-- simple-get@1.4.3
63 silly currentTree | `-- xtend@4.0.1
63 silly currentTree +-- single-line-log@1.1.2
63 silly currentTree +-- slash@1.0.0
63 silly currentTree +-- sntp@1.0.9
63 silly currentTree +-- source-map-support@0.4.18
63 silly currentTree +-- source-map@0.5.7
63 silly currentTree +-- spdx-correct@1.0.2
63 silly currentTree +-- spdx-expression-parse@1.0.4
63 silly currentTree +-- spdx-license-ids@1.2.2
63 silly currentTree +-- speedometer@0.1.4
63 silly currentTree +-- sshpk@1.13.1
63 silly currentTree | `-- assert-plus@1.0.0
63 silly currentTree +-- string_decoder@0.10.31
63 silly currentTree +-- string-width@1.0.2
63 silly currentTree +-- string.prototype.trim@1.1.2
63 silly currentTree +-- stringstream@0.0.5
63 silly currentTree +-- strip-ansi@3.0.1
63 silly currentTree +-- strip-bom@2.0.0
63 silly currentTree +-- strip-hex-prefix@1.0.0
63 silly currentTree +-- strip-indent@1.0.1
63 silly currentTree +-- strip-json-comments@2.0.1
63 silly currentTree +-- supports-color@2.0.0
63 silly currentTree +-- tape@4.8.0
63 silly currentTree +-- tar-fs@1.15.3
63 silly currentTree +-- tar-pack@3.4.0
63 silly currentTree | +-- isarray@1.0.0
63 silly currentTree | +-- readable-stream@2.3.3
63 silly currentTree | `-- string_decoder@1.0.3
63 silly currentTree +-- tar-stream@1.5.4
63 silly currentTree | +-- isarray@1.0.0
63 silly currentTree | +-- readable-stream@2.3.3
63 silly currentTree | +-- string_decoder@1.0.3
63 silly currentTree | `-- xtend@4.0.1
63 silly currentTree +-- tar@2.2.1
63 silly currentTree +-- throttleit@0.0.2
63 silly currentTree +-- through@2.3.8
63 silly currentTree +-- through2@0.2.3
63 silly currentTree +-- to-fast-properties@1.0.3
63 silly currentTree +-- tough-cookie@2.3.2
63 silly currentTree +-- trim-newlines@1.0.0
63 silly currentTree +-- trim-right@1.0.1
63 silly currentTree +-- tunnel-agent@0.6.0
63 silly currentTree +-- tweetnacl@0.14.5
63 silly currentTree +-- typeforce@1.11.4
63 silly currentTree +-- uid-number@0.0.6
63 silly currentTree +-- universalify@0.1.1
63 silly currentTree +-- unzip-response@1.0.2
63 silly currentTree +-- util-deprecate@1.0.2
63 silly currentTree +-- uuid@3.1.0
63 silly currentTree +-- validate-npm-package-license@3.0.1
63 silly currentTree +-- varuint-bitcoin@1.0.4
63 silly currentTree +-- verror@1.10.0
63 silly currentTree | `-- assert-plus@1.0.0
63 silly currentTree +-- wide-align@1.1.2
63 silly currentTree +-- wif@2.0.6
63 silly currentTree +-- windows-build-tools@1.3.2
63 silly currentTree +-- wrappy@1.0.2
63 silly currentTree `-- xtend@2.1.2
64 silly idealTree stratum-pool@0.1.6
64 silly idealTree +-- abbrev@1.1.0
64 silly idealTree +-- ajv@4.11.8
64 silly idealTree +-- ansi-regex@2.1.1
64 silly idealTree +-- ansi-styles@2.2.1
64 silly idealTree +-- aproba@1.1.2
64 silly idealTree +-- are-we-there-yet@1.1.4
64 silly idealTree | +-- isarray@1.0.0
64 silly idealTree | +-- readable-stream@2.3.3
64 silly idealTree | `-- string_decoder@1.0.3
64 silly idealTree +-- array-find-index@1.0.2
64 silly idealTree +-- asap@2.0.6
64 silly idealTree +-- asn1@0.2.3
64 silly idealTree +-- assert-plus@0.2.0
64 silly idealTree +-- async@2.5.0
64 silly idealTree +-- asynckit@0.4.0
64 silly idealTree +-- aws-sign2@0.6.0
64 silly idealTree +-- aws4@1.6.0
64 silly idealTree +-- babel-code-frame@6.26.0
64 silly idealTree +-- babel-core@6.26.0
64 silly idealTree +-- babel-generator@6.26.0
64 silly idealTree | `-- jsesc@1.3.0
64 silly idealTree +-- babel-helper-call-delegate@6.24.1
64 silly idealTree +-- babel-helper-define-map@6.26.0
64 silly idealTree +-- babel-helper-function-name@6.24.1
64 silly idealTree +-- babel-helper-get-function-arity@6.24.1
64 silly idealTree +-- babel-helper-hoist-variables@6.24.1
64 silly idealTree +-- babel-helper-optimise-call-expression@6.24.1
64 silly idealTree +-- babel-helper-regex@6.26.0
64 silly idealTree +-- babel-helper-replace-supers@6.24.1
64 silly idealTree +-- babel-helpers@6.24.1
64 silly idealTree +-- babel-messages@6.23.0
64 silly idealTree +-- babel-plugin-check-es2015-constants@6.22.0
64 silly idealTree +-- babel-plugin-transform-es2015-arrow-functions@6.22.0
64 silly idealTree +-- babel-plugin-transform-es2015-block-scoped-functions@6.22.0
64 silly idealTree +-- babel-plugin-transform-es2015-block-scoping@6.26.0
64 silly idealTree +-- babel-plugin-transform-es2015-classes@6.24.1
64 silly idealTree +-- babel-plugin-transform-es2015-computed-properties@6.24.1
64 silly idealTree +-- babel-plugin-transform-es2015-destructuring@6.23.0
64 silly idealTree +-- babel-plugin-transform-es2015-duplicate-keys@6.24.1
64 silly idealTree +-- babel-plugin-transform-es2015-for-of@6.23.0
64 silly idealTree +-- babel-plugin-transform-es2015-function-name@6.24.1
64 silly idealTree +-- babel-plugin-transform-es2015-literals@6.22.0
64 silly idealTree +-- babel-plugin-transform-es2015-modules-amd@6.24.1
64 silly idealTree +-- babel-plugin-transform-es2015-modules-commonjs@6.26.0
64 silly idealTree +-- babel-plugin-transform-es2015-modules-systemjs@6.24.1
64 silly idealTree +-- babel-plugin-transform-es2015-modules-umd@6.24.1
64 silly idealTree +-- babel-plugin-transform-es2015-object-super@6.24.1
64 silly idealTree +-- babel-plugin-transform-es2015-parameters@6.24.1
64 silly idealTree +-- babel-plugin-transform-es2015-shorthand-properties@6.24.1
64 silly idealTree +-- babel-plugin-transform-es2015-spread@6.22.0
64 silly idealTree +-- babel-plugin-transform-es2015-sticky-regex@6.24.1
64 silly idealTree +-- babel-plugin-transform-es2015-template-literals@6.22.0
64 silly idealTree +-- babel-plugin-transform-es2015-typeof-symbol@6.23.0
64 silly idealTree +-- babel-plugin-transform-es2015-unicode-regex@6.24.1
64 silly idealTree +-- babel-plugin-transform-regenerator@6.26.0
64 silly idealTree +-- babel-plugin-transform-strict-mode@6.24.1
64 silly idealTree +-- babel-preset-es2015@6.24.1
64 silly idealTree +-- babel-register@6.26.0
64 silly idealTree +-- babel-runtime@6.26.0
64 silly idealTree +-- babel-template@6.26.0
64 silly idealTree +-- babel-traverse@6.26.0
64 silly idealTree +-- babel-types@6.26.0
64 silly idealTree +-- babelify@7.3.0
64 silly idealTree +-- babylon@6.18.0
64 silly idealTree +-- balanced-match@1.0.0
64 silly idealTree +-- base-x@3.0.2
64 silly idealTree +-- base58-native@0.1.4
64 silly idealTree +-- bcrypt-pbkdf@1.0.1
64 silly idealTree +-- bigi@1.4.2
64 silly idealTree +-- bignum@0.12.5
64 silly idealTree +-- bindings@1.3.0
64 silly idealTree +-- bip66@1.1.5
64 silly idealTree +-- bitcoin-ops@1.3.0
64 silly idealTree +-- bitcoinjs-lib-zcash@3.0.0
64 silly idealTree +-- bl@1.2.1
64 silly idealTree | +-- isarray@1.0.0
64 silly idealTree | +-- readable-stream@2.3.3
64 silly idealTree | `-- string_decoder@1.0.3
64 silly idealTree +-- block-stream@0.0.9
64 silly idealTree +-- bn.js@4.11.8
64 silly idealTree +-- boom@2.10.1
64 silly idealTree +-- brace-expansion@1.1.8
64 silly idealTree +-- brorand@1.1.0
64 silly idealTree +-- browserify-aes@1.0.8
64 silly idealTree | `-- buffer-xor@1.0.3
64 silly idealTree +-- bs58@4.0.1
64 silly idealTree +-- bs58check@2.0.2
64 silly idealTree +-- buffer-xor@2.0.2
64 silly idealTree +-- builtin-modules@1.1.1
64 silly idealTree +-- camelcase-keys@2.1.0
64 silly idealTree +-- camelcase@2.1.1
64 silly idealTree +-- caseless@0.12.0
64 silly idealTree +-- chalk@1.1.3
64 silly idealTree +-- chownr@1.0.1
64 silly idealTree +-- cipher-base@1.0.4
64 silly idealTree +-- cli-spinner@0.2.6
64 silly idealTree +-- co@4.6.0
64 silly idealTree +-- code-point-at@1.1.0
64 silly idealTree +-- combined-stream@1.0.5
64 silly idealTree +-- concat-map@0.0.1
64 silly idealTree +-- console-control-strings@1.1.0
64 silly idealTree +-- convert-source-map@1.5.0
64 silly idealTree +-- core-js@2.5.1
64 silly idealTree +-- core-util-is@1.0.2
64 silly idealTree +-- create-hash@1.1.3
64 silly idealTree +-- create-hmac@1.1.6
64 silly idealTree +-- cryptiles@2.0.5
64 silly idealTree +-- crypto-js@3.1.8
64 silly idealTree +-- currently-unhandled@0.4.1
64 silly idealTree +-- dashdash@1.14.1
64 silly idealTree | `-- assert-plus@1.0.0
64 silly idealTree +-- debug@2.6.8
64 silly idealTree +-- decamelize@1.2.0
64 silly idealTree +-- deep-equal@1.0.1
64 silly idealTree +-- deep-extend@0.4.2
64 silly idealTree +-- define-properties@1.1.2
64 silly idealTree | `-- object-keys@1.0.11
64 silly idealTree +-- defined@1.0.0
64 silly idealTree +-- delayed-stream@1.0.0
64 silly idealTree +-- delegates@1.0.0
64 silly idealTree +-- detect-indent@4.0.0
64 silly idealTree +-- drbg.js@1.0.1
64 silly idealTree +-- ecc-jsbn@0.1.1
64 silly idealTree +-- ecurve@1.0.5
64 silly idealTree +-- elliptic@6.4.0
64 silly idealTree +-- end-of-stream@1.4.0
64 silly idealTree +-- error-ex@1.3.1
64 silly idealTree +-- es-abstract@1.8.2
64 silly idealTree +-- es-to-primitive@1.1.1
64 silly idealTree +-- escape-string-regexp@1.0.5
64 silly idealTree +-- esutils@2.0.2
64 silly idealTree +-- ethashjs@0.0.7
64 silly idealTree +-- ethereum-address@0.0.4
64 silly idealTree +-- ethereumjs-util@5.1.2
64 silly idealTree +-- ethjs-util@0.1.4
64 silly idealTree +-- events@1.1.1
64 silly idealTree +-- evp_bytestokey@1.0.3
64 silly idealTree +-- expand-template@1.1.0
64 silly idealTree +-- extend@3.0.1
64 silly idealTree +-- extsprintf@1.3.0
64 silly idealTree +-- find-up@1.1.2
64 silly idealTree +-- for-each@0.3.2
64 silly idealTree +-- foreach@2.0.5
64 silly idealTree +-- forever-agent@0.6.1
64 silly idealTree +-- form-data@2.1.4
64 silly idealTree +-- fs-extra@3.0.1
64 silly idealTree +-- fs.realpath@1.0.0
64 silly idealTree +-- fstream-ignore@1.0.5
64 silly idealTree +-- fstream@1.0.11
64 silly idealTree +-- function-bind@1.1.1
64 silly idealTree +-- gauge@2.7.4
64 silly idealTree +-- get-stdin@4.0.1
64 silly idealTree +-- getpass@0.1.7
64 silly idealTree | `-- assert-plus@1.0.0
64 silly idealTree +-- github-from-package@0.0.0
64 silly idealTree +-- glob@7.1.2
64 silly idealTree +-- globals@9.18.0
64 silly idealTree +-- graceful-fs@4.1.11
64 silly idealTree +-- har-schema@1.0.5
64 silly idealTree +-- har-validator@4.2.1
64 silly idealTree +-- has-ansi@2.0.0
64 silly idealTree +-- has-unicode@2.0.1
64 silly idealTree +-- has@1.0.1
64 silly idealTree +-- hash-base@2.0.2
64 silly idealTree +-- hash.js@1.1.3
64 silly idealTree +-- hawk@3.1.3
64 silly idealTree +-- hmac-drbg@1.0.1
64 silly idealTree +-- hoek@2.16.3
64 silly idealTree +-- home-or-tmp@2.0.0
64 silly idealTree +-- hosted-git-info@2.5.0
64 silly idealTree +-- http-signature@1.1.1
64 silly idealTree +-- indent-string@2.1.0
64 silly idealTree +-- inflight@1.0.6
64 silly idealTree +-- inherits@2.0.3
64 silly idealTree +-- ini@1.3.4
64 silly idealTree +-- invariant@2.2.2
64 silly idealTree +-- is-arrayish@0.2.1
64 silly idealTree +-- is-builtin-module@1.0.0
64 silly idealTree +-- is-callable@1.1.3
64 silly idealTree +-- is-date-object@1.0.1
64 silly idealTree +-- is-finite@1.0.2
64 silly idealTree +-- is-fullwidth-code-point@1.0.0
64 silly idealTree +-- is-function@1.0.1
64 silly idealTree +-- is-hex-prefixed@1.0.0
64 silly idealTree +-- is-regex@1.0.4
64 silly idealTree +-- is-symbol@1.0.1
64 silly idealTree +-- is-typedarray@1.0.0
64 silly idealTree +-- is-utf8@0.2.1
64 silly idealTree +-- isarray@0.0.1
64 silly idealTree +-- isstream@0.1.2
64 silly idealTree +-- js-tokens@3.0.2
64 silly idealTree +-- jsbn@0.1.1
64 silly idealTree +-- jsesc@0.5.0
64 silly idealTree +-- json-schema@0.2.3
64 silly idealTree +-- json-stable-stringify@1.0.1
64 silly idealTree +-- json-stringify-safe@5.0.1
64 silly idealTree +-- json5@0.5.1
64 silly idealTree +-- jsonfile@3.0.1
64 silly idealTree +-- jsonify@0.0.0
64 silly idealTree +-- jsprim@1.4.1
64 silly idealTree | `-- assert-plus@1.0.0
64 silly idealTree +-- keccak@1.3.0
64 silly idealTree +-- load-json-file@1.1.0
64 silly idealTree +-- lodash@4.17.4
64 silly idealTree +-- loose-envify@1.3.1
64 silly idealTree +-- loud-rejection@1.6.0
64 silly idealTree +-- map-obj@1.0.1
64 silly idealTree +-- md5.js@1.3.4
64 silly idealTree | `-- hash-base@3.0.4
64 silly idealTree +-- meow@3.7.0
64 silly idealTree +-- merkle-bitcoin@1.0.0
64 silly idealTree | `-- async@1.5.2
64 silly idealTree +-- merkle-lib@1.0.0
64 silly idealTree +-- miller-rabin@4.0.0
64 silly idealTree +-- mime-db@1.30.0
64 silly idealTree +-- mime-types@2.1.17
64 silly idealTree +-- minimalistic-assert@1.0.0
64 silly idealTree +-- minimalistic-crypto-utils@1.0.1
64 silly idealTree +-- minimatch@3.0.4
64 silly idealTree +-- minimist@1.2.0
64 silly idealTree +-- mkdirp@0.5.1
64 silly idealTree | `-- minimist@0.0.8
64 silly idealTree +-- ms@2.0.0
64 silly idealTree +-- nan@2.7.0
64 silly idealTree +-- node-abi@2.1.1
64 silly idealTree +-- node-pre-gyp@0.6.37
64 silly idealTree +-- noop-logger@0.1.1
64 silly idealTree +-- nopt@4.0.1
64 silly idealTree +-- normalize-package-data@2.4.0
64 silly idealTree +-- npmlog@4.1.2
64 silly idealTree +-- nugget@2.0.1
64 silly idealTree +-- number-is-nan@1.0.1
64 silly idealTree +-- oauth-sign@0.8.2
64 silly idealTree +-- object-assign@4.1.1
64 silly idealTree +-- object-inspect@1.3.0
64 silly idealTree +-- object-keys@0.4.0
64 silly idealTree +-- once@1.4.0
64 silly idealTree +-- os-homedir@1.0.2
64 silly idealTree +-- os-tmpdir@1.0.2
64 silly idealTree +-- osenv@0.1.4
64 silly idealTree +-- parse-json@2.2.0
64 silly idealTree +-- path-exists@2.1.0
64 silly idealTree +-- path-is-absolute@1.0.1
64 silly idealTree +-- path-parse@1.0.5
64 silly idealTree +-- path-type@1.1.0
64 silly idealTree +-- performance-now@0.2.0
64 silly idealTree +-- pify@2.3.0
64 silly idealTree +-- pinkie-promise@2.0.1
64 silly idealTree +-- pinkie@2.0.4
64 silly idealTree +-- prebuild-install@2.2.2
64 silly idealTree | `-- xtend@4.0.1
64 silly idealTree +-- pretty-bytes@1.0.4
64 silly idealTree +-- private@0.1.7
64 silly idealTree +-- process-nextick-args@1.0.7
64 silly idealTree +-- progress-stream@1.2.0
64 silly idealTree +-- promise@8.0.1
64 silly idealTree +-- pump@1.0.2
64 silly idealTree +-- punycode@1.4.1
64 silly idealTree +-- pushdata-bitcoin@1.0.1
64 silly idealTree +-- qs@6.4.0
64 silly idealTree +-- randombytes@2.0.5
64 silly idealTree +-- rc@1.2.1
64 silly idealTree +-- read-pkg-up@1.0.1
64 silly idealTree +-- read-pkg@1.1.0
64 silly idealTree +-- readable-stream@1.1.14
64 silly idealTree +-- redent@1.0.0
64 silly idealTree +-- regenerate@1.3.2
64 silly idealTree +-- regenerator-runtime@0.11.0
64 silly idealTree +-- regenerator-transform@0.10.1
64 silly idealTree +-- regexpu-core@2.0.0
64 silly idealTree +-- regjsgen@0.2.0
64 silly idealTree +-- regjsparser@0.1.5
64 silly idealTree +-- repeating@2.0.1
64 silly idealTree +-- request@2.81.0
64 silly idealTree +-- resolve@1.4.0
64 silly idealTree +-- resumer@0.0.0
64 silly idealTree +-- rimraf@2.6.2
64 silly idealTree +-- ripemd160@2.0.1
64 silly idealTree +-- rlp@2.0.0
64 silly idealTree +-- safe-buffer@5.1.1
64 silly idealTree +-- secp256k1@3.3.0
64 silly idealTree +-- semver@5.4.1
64 silly idealTree +-- set-blocking@2.0.0
64 silly idealTree +-- sha.js@2.4.8
64 silly idealTree +-- signal-exit@3.0.2
64 silly idealTree +-- simple-get@1.4.3
64 silly idealTree | `-- xtend@4.0.1
64 silly idealTree +-- single-line-log@1.1.2
64 silly idealTree +-- slash@1.0.0
64 silly idealTree +-- sntp@1.0.9
64 silly idealTree +-- source-map-support@0.4.18
64 silly idealTree +-- source-map@0.5.7
64 silly idealTree +-- spdx-correct@1.0.2
64 silly idealTree +-- spdx-expression-parse@1.0.4
64 silly idealTree +-- spdx-license-ids@1.2.2
64 silly idealTree +-- speedometer@0.1.4
64 silly idealTree +-- sshpk@1.13.1
64 silly idealTree | `-- assert-plus@1.0.0
64 silly idealTree +-- string_decoder@0.10.31
64 silly idealTree +-- string-width@1.0.2
64 silly idealTree +-- string.prototype.trim@1.1.2
64 silly idealTree +-- stringstream@0.0.5
64 silly idealTree +-- strip-ansi@3.0.1
64 silly idealTree +-- strip-bom@2.0.0
64 silly idealTree +-- strip-hex-prefix@1.0.0
64 silly idealTree +-- strip-indent@1.0.1
64 silly idealTree +-- strip-json-comments@2.0.1
64 silly idealTree +-- supports-color@2.0.0
64 silly idealTree +-- tape@4.8.0
64 silly idealTree +-- tar-fs@1.15.3
64 silly idealTree +-- tar-pack@3.4.0
64 silly idealTree | +-- isarray@1.0.0
64 silly idealTree | +-- readable-stream@2.3.3
64 silly idealTree | `-- string_decoder@1.0.3
64 silly idealTree +-- tar-stream@1.5.4
64 silly idealTree | +-- isarray@1.0.0
64 silly idealTree | +-- readable-stream@2.3.3
64 silly idealTree | +-- string_decoder@1.0.3
64 silly idealTree | `-- xtend@4.0.1
64 silly idealTree +-- tar@2.2.1
64 silly idealTree +-- throttleit@0.0.2
64 silly idealTree +-- through@2.3.8
64 silly idealTree +-- through2@0.2.3
64 silly idealTree +-- to-fast-properties@1.0.3
64 silly idealTree +-- tough-cookie@2.3.2
64 silly idealTree +-- trim-newlines@1.0.0
64 silly idealTree +-- trim-right@1.0.1
64 silly idealTree +-- tunnel-agent@0.6.0
64 silly idealTree +-- tweetnacl@0.14.5
64 silly idealTree +-- typeforce@1.11.4
64 silly idealTree +-- uid-number@0.0.6
64 silly idealTree +-- universalify@0.1.1
64 silly idealTree +-- unzip-response@1.0.2
64 silly idealTree +-- util-deprecate@1.0.2
64 silly idealTree +-- uuid@3.1.0
64 silly idealTree +-- validate-npm-package-license@3.0.1
64 silly idealTree +-- varuint-bitcoin@1.0.4
64 silly idealTree +-- verror@1.10.0
64 silly idealTree | `-- assert-plus@1.0.0
64 silly idealTree +-- wide-align@1.1.2
64 silly idealTree +-- wif@2.0.6
64 silly idealTree +-- windows-build-tools@1.3.2
64 silly idealTree +-- wrappy@1.0.2
64 silly idealTree `-- xtend@2.1.2
65 silly generateActionsToTake Starting
66 silly install generateActionsToTake
67 silly generateActionsToTake Finishing
68 silly diffTrees action count 1
69 silly diffTrees add bignum@0.12.5
70 silly decomposeActions action count 8
71 silly decomposeActions fetch bignum@0.12.5
72 silly decomposeActions extract bignum@0.12.5
73 silly decomposeActions test bignum@0.12.5
74 silly decomposeActions preinstall bignum@0.12.5
75 silly decomposeActions build bignum@0.12.5
76 silly decomposeActions install bignum@0.12.5
77 silly decomposeActions postinstall bignum@0.12.5
78 silly decomposeActions finalize bignum@0.12.5
79 silly runTopLevelLifecycles Starting
80 silly executeActions Starting
81 silly install executeActions
82 silly doSerial global-install 0
83 silly doParallel fetch 1
84 verbose correctMkdir C:\Users\sofia\AppData\Roaming\npm-cache\_locks correctMkdir not in flight; initializing
85 verbose lock using C:\Users\sofia\AppData\Roaming\npm-cache\_locks\staging-6f802b0efbcccc7e.lock for C:\Users\sofia\Desktop\node-stratum-pool\node_modules\.staging
86 silly doParallel extract 1
87 silly extract bignum@0.12.5
88 verbose unbuild node_modules\.staging\bignum-06e416be
89 silly gentlyRm C:\Users\sofia\Desktop\node-stratum-pool\node_modules\.staging\bignum-06e416be is being purged from base C:\Users\sofia\Desktop\node-stratum-pool
90 verbose gentlyRm don't care about contents; nuking C:\Users\sofia\Desktop\node-stratum-pool\node_modules\.staging\bignum-06e416be
91 verbose tar unpack C:\Users\sofia\AppData\Roaming\npm-cache\bignum\0.12.5\package.tgz
92 verbose tar unpacking to C:\Users\sofia\Desktop\node-stratum-pool\node_modules\.staging\bignum-06e416be
93 silly gentlyRm C:\Users\sofia\Desktop\node-stratum-pool\node_modules\.staging\bignum-06e416be is being purged
94 verbose gentlyRm don't care about contents; nuking C:\Users\sofia\Desktop\node-stratum-pool\node_modules\.staging\bignum-06e416be
95 silly gunzTarPerm modes [ '777', '666' ]
96 silly gunzTarPerm extractEntry package.json
97 silly gunzTarPerm modified mode [ 'package.json', 420, 438 ]
98 silly gunzTarPerm extractEntry .npmignore
99 silly gunzTarPerm modified mode [ '.npmignore', 420, 438 ]
100 silly gunzTarPerm extractEntry index.js
101 silly gunzTarPerm modified mode [ 'index.js', 420, 438 ]
102 silly gunzTarPerm extractEntry README.markdown
103 silly gunzTarPerm modified mode [ 'README.markdown', 420, 438 ]
104 silly gunzTarPerm extractEntry bignum.cc
105 silly gunzTarPerm modified mode [ 'bignum.cc', 420, 438 ]
106 silly gunzTarPerm extractEntry binding.gyp
107 silly gunzTarPerm modified mode [ 'binding.gyp', 420, 438 ]
108 silly gentlyRm C:\Users\sofia\Desktop\node-stratum-pool\node_modules\.staging\bignum-06e416be\node_modules is being purged
109 verbose gentlyRm don't care about contents; nuking C:\Users\sofia\Desktop\node-stratum-pool\node_modules\.staging\bignum-06e416be\node_modules
110 silly doParallel preinstall 1
111 silly preinstall bignum@0.12.5 C:\Users\sofia\Desktop\node-stratum-pool\node_modules\.staging\bignum-06e416be
112 info lifecycle bignum@0.12.5~preinstall: bignum@0.12.5
113 silly lifecycle bignum@0.12.5~preinstall: no script for preinstall, continuing
114 silly doReverseSerial remove 0
115 silly doSerial move 0
116 silly doSerial finalize 1
117 silly finalize C:\Users\sofia\Desktop\node-stratum-pool\node_modules\bignum
118 silly doSerial build 1
119 silly build bignum@0.12.5
120 info linkStuff bignum@0.12.5
121 silly linkStuff bignum@0.12.5 has C:\Users\sofia\Desktop\node-stratum-pool\node_modules as its parent node_modules
122 verbose linkBins bignum@0.12.5
123 verbose linkMans bignum@0.12.5
124 silly doSerial global-link 0
125 silly doParallel update-linked 0
126 silly doSerial install 1
127 silly install bignum@0.12.5 C:\Users\sofia\Desktop\node-stratum-pool\node_modules\.staging\bignum-06e416be
128 info lifecycle bignum@0.12.5~install: bignum@0.12.5
129 verbose lifecycle bignum@0.12.5~install: unsafe-perm in lifecycle true
130 verbose lifecycle bignum@0.12.5~install: PATH: C:\Program Files\nodejs\node_modules\npm\bin\node-gyp-bin;C:\Users\sofia\Desktop\node-stratum-pool\node_modules\bignum\node_modules\.bin;C:\Users\sofia\Desktop\node-stratum-pool\node_modules\.bin;C:\Users\sofia\bin;C:\Program Files\Git\mingw64\bin;C:\Program Files\Git\usr\local\bin;C:\Program Files\Git\usr\bin;C:\Program Files\Git\usr\bin;C:\Program Files\Git\mingw64\bin;C:\Program Files\Git\usr\bin;C:\Users\sofia\bin;C:\Program Files (x86)\NVIDIA Corporation\PhysX\Common;C:\Windows\system32;C:\Windows;C:\Windows\System32\Wbem;C:\Windows\System32\WindowsPowerShell\v1.0;C:\Program Files (x86)\Skype\Phone;C:\Program Files\OpenVPN\bin;C:\Program Files\nodejs;C:\Program Files\Git\cmd;C:\Program Files\PuTTY;C:\Users\sofia\AppData\Roaming\npm;C:\Program Files\Git\usr\bin\vendor_perl;C:\Program Files\Git\usr\bin\core_perl
131 verbose lifecycle bignum@0.12.5~install: CWD: C:\Users\sofia\Desktop\node-stratum-pool\node_modules\bignum
132 silly lifecycle bignum@0.12.5~install: Args: [ '/d /s /c', 'node-pre-gyp install --fallback-to-build' ]
133 silly lifecycle bignum@0.12.5~install: Returned: code: 1  signal: null
134 info lifecycle bignum@0.12.5~install: Failed to exec install script
135 verbose unlock done using C:\Users\sofia\AppData\Roaming\npm-cache\_locks\staging-6f802b0efbcccc7e.lock for C:\Users\sofia\Desktop\node-stratum-pool\node_modules\.staging
136 silly rollbackFailedOptional Starting
137 silly rollbackFailedOptional Finishing
138 silly runTopLevelLifecycles Finishing
139 silly install printInstalled
140 verbose stack Error: bignum@0.12.5 install: `node-pre-gyp install --fallback-to-build`
140 verbose stack Exit status 1
140 verbose stack     at EventEmitter.<anonymous> (C:\Program Files\nodejs\node_modules\npm\lib\utils\lifecycle.js:255:16)
140 verbose stack     at emitTwo (events.js:106:13)
140 verbose stack     at EventEmitter.emit (events.js:191:7)
140 verbose stack     at ChildProcess.<anonymous> (C:\Program Files\nodejs\node_modules\npm\lib\utils\spawn.js:40:14)
140 verbose stack     at emitTwo (events.js:106:13)
140 verbose stack     at ChildProcess.emit (events.js:191:7)
140 verbose stack     at maybeClose (internal/child_process.js:891:16)
140 verbose stack     at Process.ChildProcess._handle.onexit (internal/child_process.js:226:5)
141 verbose pkgid bignum@0.12.5
142 verbose cwd C:\Users\sofia\Desktop\node-stratum-pool
143 error Windows_NT 6.1.7601
144 error argv "C:\\Program Files\\nodejs\\node.exe" "C:\\Program Files\\nodejs\\node_modules\\npm\\bin\\npm-cli.js" "install" "bignum" "--msvs_version=2013"
145 error node v6.11.1
146 error npm  v3.10.10
147 error code ELIFECYCLE
148 error bignum@0.12.5 install: `node-pre-gyp install --fallback-to-build`
148 error Exit status 1
149 error Failed at the bignum@0.12.5 install script 'node-pre-gyp install --fallback-to-build'.
149 error Make sure you have the latest version of node.js and npm installed.
149 error If you do, this is most likely a problem with the bignum package,
149 error not with npm itself.
149 error Tell the author that this fails on your system:
149 error     node-pre-gyp install --fallback-to-build
149 error You can get information on how to open an issue for this project with:
149 error     npm bugs bignum
149 error Or if that isn't available, you can get their info via:
149 error     npm owner ls bignum
149 error There is likely additional logging output above.
150 verbose exit [ 1, true ]
